<?xml version="1.0" encoding="UTF-8"?>
<!-- Generated by org.testng.reporters.JUnitXMLReporter -->
<testsuite ignored="0" hostname="DESKTOP-68P3RKI" failures="0" tests="5" name="ParaBankUserRegistrationTest" time="15.286" errors="0" timestamp="2022-08-16T13:49:08 IST">
  <testcase classname="com.telus.testcases.ParaBankUserRegistrationEndToEndTest" name="launchApplication" time="10.181"/>
  <testcase classname="com.telus.testcases.ParaBankUserRegistrationEndToEndTest" name="clickRegisterLink" time="1.119"/>
  <testcase classname="com.telus.testcases.ParaBankUserRegistrationEndToEndTest" name="registerUser" time="2.601"/>
  <testcase classname="com.telus.testcases.ParaBankUserRegistrationEndToEndTest" name="successfulMsgValidation" time="1.076"/>
  <testcase classname="com.telus.testcases.ParaBankUserRegistrationEndToEndTest" name="closeApplication" time="0.199"/>
</testsuite> <!-- ParaBankUserRegistrationTest -->
